[    0.000000] Initializing cgroup subsys cpuset
[    0.000000] Initializing cgroup subsys cpu
[    0.000000] Initializing cgroup subsys cpuacct
[    0.000000] Linux version 4.4.0-119-generic (buildd@lcy01-amd64-002) (gcc version 5.4.0 20160609 (Ubuntu 5.4.0-6ubutu1~16.04.9) ) #143-Ubuntu SMP Mon Apr 2 16:08:22 UTC 2018 (Ubuntu 4.4.0-119.143-generic 4.4.114)
[    .00000]KERNEL supported cpus:
[   .000000]   Intel GenuineIntel
[    0.000000]   AMD AuthenticAMD
[    0.000000]   NSC Geode by NSC
[    0.000000   Cyrix CyrixInstad
[    0.000000]  Centaur CentaurHauls
[   .000000]   Trsmeta GenuineTMx86
[   .000000]   Transmeta TransmetaCPU
[    0.000000]   UMC UMC UMC UMC
[   0.0000] x86/fpu: Legcy x87 FPU detected.
[    0.0000] x86/fpu: Using 'lazy' FPU context switches.
[   0.000000] e820: BIOS-provided physical RAM map:
[    0.000000] BIOS-e820: [mem 0x0000000000000000-0x000000000009fbff] usable
[   0.000000] BIOS-e820: [mem 0x000000000009f00-0x000000000009ffff] reserved
[    0.0000000] BIOS-e820: [mem 0x00000000000f0000-0x00000000000fffff] reserved
[    0.000000] BIOS-e820: [mem 0x0000000000100000-0x000000003ffeffff] usable
[    0.000000] BIOS-e820: [mem x000000003fff0000-0x000000003fffffff] ACPI data
[   .000000] BIOS-e820: [mem 0x00000000fec00000-0x00000000fec00fff] reserved
[    0.000000] BIOS-e820: [mem 0x00000000fee00000-0x00000000fee00fff] reserved
[    0.000000] BIOS-e820: [mem 0x00000000fffc0000-0x00000000ffffffff] reserved
[   0.000000] NX (Execute Disable) protection: active
[   .000000] SMBIOS 2.5 preset.
[   .0000] Hypervisor detected: KVM
[   .000000]e820: last_pfn = 0x3fff0 max_arch_pfn = 0x1000000
[   .000000] MTRR: Disabled
[    0.000000] x86/PAT: MTRRs disabled, skipping PAT initialization too.
[    0.000000] CPU MTRRs all blank - virtualized system.
[   .0000] x86/PAT: Configuration [0-7]: WB  WT  UC- UC  WB  WT  UC- UC  
[   .000000] found SMPMP-table at [mem 0x0009fff0-0x0009ffff] mapped at [c009fff0]
[    0.000000] Scanning 1 areas for low memory corruption
[   .000000] RAMDISK: [mem 0x36abc000-0x37555fff]
[   .000000] ACPI: Early table checksum verification disabled
[   .000000] ACPI: RSDP 0x00000000000E0000 000024 (v02 VBOX  )
[   0.000000] ACPI: XSDT 0x000000003FFF0030 00003C (v01 VBOX   VBOXXSDT 00000001 ASL  00000061)
[    0.000000] ACPI: FACP 0x00000003FFF00F0 0000F4 (v04 VBOX   VBOXFACP 00000001 ASL  00000061)
[   0.000000] ACPI: DSDT 0x000000003FFF0470 0021FF (v02 VBOX   VBOXBIOS 00000002 INTL 20100528)
[    0.000000] ACPI: FACS 0x000000003FFF0200 000040
[    0.000000] ACPI: FACS 0x000000003FFF0200 000040
[    0.000000] ACPI: APIC 0x000000003FFF0240 00005C (v02 VBOX   VBOXAPIC 00000001 ASL  00000061)
[    0.000000] ACPI: SSDT 0x000000003FFF02A0 0001CC (v01 VBOX   VBOXCPUT 00000002 INTL 201005288)
[    0.000000] 131MB HIGHMEM available.
[    0.000000] 891MB LOWMEM available.
[    0.000000]   mapped low ram: 0 - 37bfe000
[    0.000000]   low ram: 0 - 37bfe000
[    0.000000] kvm-clock: Using msrs 4b564d01 an 4b56400[    0.000000] kvm-clock: cpu 0, msr 0:37bfd001, primary cpu clock
[   .00000]kvm-clock: using sched offset of 6389614685 cycles
[    0.000000] clocksource: kvm-clock: mask: 0xffffffffffffffff max_cycles: 0x1cd42e4dffb, max_idle_ns: 881590591483 ns
[    0.000000] Zone ranges:
[    0.000000]   DMA      [mem 0x0000000000001000-0x0000000000ffffff]
[    0.000000]   Normal   [mem 0x0000000001000000-0x0000000037bfdfff]
[    0.000000]   HighMem  [mem 0x0000000037bfe000-0x000000003ffeffff]
[    0.000000] Movable zone start for each node
[    0.000000] Early memory node ranges
[    0.000000]   node   0: [mem 0x0000000000001000-0x000000000009efff]
[    0.000000]   node   0: [mem 0x0000000000100000-0x000000003ffeffff]
[    0.000000] Initmem setup node 0 [mem 0x0000000000001000-0x000000003ffeffff]
[    0.000000] Using APIC driver default
[    0.000000] ACPI: PM-Timer IO Port: 0x4008
[    0.000000] IOAPIC[0]: apic_id 2, version 32, address 0xfec00000, GSI 0-23
[    0.000000] ACPI: INT_SRC_OVR (bus 0 bus_irq 0 global_irq 2 dfl dfl)
[    0.000000] ACPI: INT_SRC_OVR (bus 0 bus_irq 9 global_irq 9 low level)
[    0.000000] Using ACPI (MADT) for SMP configuration information
[    0.000000] smpboot: Allowing 2 CPUs, 0 hotplug CPUs
[    0.000000] PM: Registered nosave memory: [mem 0x00000000-0x00000fff]
[    0.000000] PM: Registered nosave memory: [mem 0x0009f000-0x0009ffff]
[    0.000000] PM: Registered nosave memory: [mem 0x000a0000-0x000effff]
[    0.000000] PM: Registered nosave memory: [mem 0x000f00000x0fffff
    0.0000] 82: [mem 04000000-0xfebfffff] available for PCI devices
[   .000000] Booting paravirtualized kernel on KVM
[    0.000000] clocksource: refined-jiffies: mask: 0xffffffff max_cycles: 0xffffffff, max_idle_ns: 7645519600211568 ns
[   .000000] setup_percpu: NR_CPUS:8 nr_cpumask_bits:8 nr_cpu_ids:2 nr_node_ids:1
[    0.000000] PECPU: Embedded 19 pages/cpu @f76b0000 s47436 r0 d30388 u77824
[    0.000000] PV qspinlock hash table entries: 512 (order: 0, 4096 bytes)
[   .000000] Built 1 onelists in Zon order, mobility grouping on.  Total pages: 259800
[    0.000000] Kernel command line: BOOT_IMAGE=/boot/vmlinuz-4.4.0-119-generic root=LABEL=cloudimg-rootfs ro console=tty1 console=ttyS0
[    0.000000] PID hash table entries: 4096 (order: 2, 16384 bytes)
[    0.000000] Dentry cache hash table entries: 131072  (order: 7, 524288 bytes)
[    0.000000] Inode-cache hash table entries: 65536 (order: 6, 262144 bytes)
[    0.000000] Initializing CPU#0
[    0.000000] Initializing HighMem for node 0 (00037bfe:0003fff0)
[    0.000000] Initializing Movable for node 0 (00000000:00000000)
[    0.000000] Memory: 1012004K/1048120K available (8013K kernel code, 777K rwdata, 3172K rodata, 948K init, 800K bss, 36116K reserved, 0K cma-reserved, 135112K highmem)
[    0.000000] virtual kernel memory layout:
[    0.000000]     fixmap  : 0xfff15000 - 0xfffff000   ( 936 kB)
[    0.000000]     pkmap   : 0xffc00000 - 0xffe0000   (2048 kB)
[     0.000000]     vmalloc : 0xf83fe000 - 0xffbfe000   ( 120 MB)
[    0.000000]     lowmem  : 0xc0000000 - 0xf7bfe000   ( 891 MB)
[    0.000000]       .init : 0xc1bb2000 - 0xc1c9f000   ( 948 kB)
[    0.000000]       .data : 0xc17d3774 - 0xc1bb0740   (3955 kB)
[    0.000000]       .text : 0xc1000000 - 0xc17d3774   (8013 kB)
[    0.000000] Checking if this processor honours the WP bit even in supervisor mode...Ok.
[    0.000000] SLUB: HWalign=64, Order=0-3, MinObjects=0, CPUs=2, Nodes=1
[    0.000000] Hierarchical RCU implementation.
[   0.000000] 	Build-tie adjustment of leaf fanout to 32.
[   .0000] 	RCU restricting CPUs from NR_CPUS=8 to nr_cpu_ids=2.
[    0.000000] RCU: Adjusting geometry for rcu_fanout_leaf=32, nr_cpu_ids=2
[    0.000000] NR_IRQS:2304 nr_irqs:440 16
[    0.000000] Console: colour VGA+ 80x25
[   0.0000] console [tty1] enabled
[   .000000] console [ttyS0] enabled
[   .000000] allocated 1048576 bytes of page_ext
[    0.000000] tsc: Detected 3051.334 MHz processor
[    4.404613] Calibrating delay loop (skipped) preset value.. 6102.66 BogoMIPS (lpj=12205336)
[    4.423494] pid_max: default: 32768 minimum: 301
[    4.428199] ACPI: Core revision 20150930
[    4.436093] ACPI: 2 ACPI AML tables successfully acquired and loaded
[    4.446817] Security Framework initialized
[    4.483895] Yama: becoming mindful.
[    4.488679] AppArmor: AppArmor initialized
[    4.499617] Mount-cache hash table entries: 2048 (order: 1, 8192 bytes)
[    4.514027] Mountpoint-cache hash table entries: 2048 (order: 1, 8192 bytes)
[    4.541218] Initializing cgroup subsys io
[    4.598766] Initializing cgroup subsys memory
[    4.646649] Initializing cgroup subsys devices
[    4.651187] Initializing cgroup subsys freezer
[    4.655509] Initializing cgroup subsys net_cls
[    4.659686] Initializing cgroup subsys perf_event
[    4.667101] Initializing cgroup subsys net_prio
[    4.678987] Initializing cgroup subsys hugetlb
[    4.691451] Initializing cgroup subsys pids
[    4.699070] CPU: Physical Processor ID: 0
[    4.734681] CPU: Processor Core ID: 0
[    4.742773] FEATURE SPEC_CTRL Not Present
[    4.749916] mce: CPU supports 0 MCE banks
[    4.755059] Last level iTLB entries: 4KB 128, 2MB 4, 4MB 4
[    4.764054] Last level dTLB entries: 4KB 256, 2MB 0, 4MB 32, 1GB 0
[    4.785868] Spectre V2 mitigation: Mitigation: Full generic retpoline
[    4.802629] Spectre V2 mitigation: Speculation control IBPB not-supported IBRS not-supported
[    4.854922] Spectre V2 mitigation: Filling RSB on context switch
[    4.907039] Freeing SMP alternatives memory: 28K
[    4.928858] ftrace: allocating 31465 entries in 62 pages
[    5.038814] smpboot: APIC(0) Converting physical 0 to logical package 0
[    5.048615] smpboot: Max logical packages: 1
[    5.051744] Enabling APIC mode:  Flat.  Using 1 I/O APICs
[    5.057978] ..TIMER: vector=0x30 apic1=0 pin1=2 apic2=-1 pin2=-1
[    5.173369] smpboot: CPU0: Intel(R) Core(TM)2 Duo CPU     E7600  @ 3.06GHz (family: 0x6, model: 0x17, stepping: 0xa)
[    5.281091] Performance Events: unsupported p6 CPU model 23 no PMU driver, software events only.
[    5.298000] KVM setup paravirtual spinlock
[    5.307838] x86: Booting SMP configuration:
[    5.319475] .... node  #0, CPUs:      #1
[1266874883.319936] Initializing CPU#1
[    5.450704] kvm-clock: cpu 1, msr 0:37bfd041, secondary cpu clock
[    5.570708] mce: CPU supports 0 MCE banks
[    5.596052] x86: Booted up 1 node, 2 CPUs
[    5.600121] smpboot: Total of 2 processors activated (12205.33 BogoMIPS)
[    5.604944] devtmpfs: initialized
[    5.608019] evm: security.selinux
[    5.610763] evm: security.SMACK64
[    5.613729] evm: security.SMACK64EXEC
[    5.625244] evm: security.SMACK64TRANSMUTE
[    5.630604] evm: security.SMACK64MMAP
[    5.633681] evm: security.ima
[    5.636327] evm: security.capability
[    5.645750] clocksource: jiffies: mask: 0xffffffff max_cycles: 0xffffffff, max_idle_ns: 7645041785100000 ns
[    5.653674] futex hash table entries: 512 (order: 3, 32768 bytes)
[    5.658941] pinctrl core: initialized pinctrl subsystem
[    5.666914] RTC time:  2:19:31, date: 04/25/18
[    5.676877] NET: Registered protocol family 16
[    5.682121] EISA bus registered
[    5.694939] cpuidle: using governor ladder
[    5.711775] cpuidle: using governor menu
[    5.731823] PCCT header not found.
[    5.733846] ACPI: bus type PCI registered
[    5.736922] acpiphp: ACPI Hot Plug PCI Controller Driver version: 0.5
[    5.741356] PCI : PCI BIOS area is rw and x. Use pci=nobios if you want it NX.
[    5.751781] PCI: PCI BIOS revision 2.10 entry at 0xfda26, last bus=0
[    5.762118] PCI: Using configuration type 1 for base access
[    5.792127] ACPI: Added _OSI(Module Device)
[    5.799510] ACPI: Added _OSI(Processor Device)
[    5.802811] ACPI: Added _OSI(3.0 _SCP Extensions)
[    5.810873] ACPI: Added _OSI(Processor Aggregator Device)
[    5.822121] ACPI: Executed 1 blocks of module-level executable AML code
[    5.835026] ACPI: Interpreter enabled
[    5.843350] ACPI: (supports S0 S5)
[    5.848486] ACPI: Using IOAPIC for interrupt routing
[    5.854417] PCI: Using host bridge windows from ACPI; if necessary, use "pci=nocrs" and report a bug
[    5.871702] ACPI: PCI Root Bridge [PCI0] (domain 0000 [bus 00-ff])
[    5.877496] acpi PNP0A03:00: _OSC: OS supports [ASPM ClockPM Segments MSI]
[    5.881496] acpi PNP0A03:00: _OSC: not requesting OS control; OS requires [ExtendedConfig ASPM ClockPM MSI]
[    5.916468] acpi PNP0A03:00: fail to add MMCONFIG information, can't access extended PCI configuration space under this bridge.
[    5.936337] PCI host bridge to bus 0000:00
[    5.946594] pci_bus 0000:00: root bus resource [io  0x0000-0x0cf7 window]
[    5.953211] pci_bus 0000:00: root bus resource [io  0x0d00-0xffff window]
[    5.993342] pci_bus 0000:00: root bus resource [mem 0x000a0000-0x000bffff window]
[    6.001268] pci_bus 0000:00: root bus resource [mem 0x40000000-0xfdffffff window]
[    6.007921] pci_bus 0000:00: root bus resource [bus 00-ff]
[    6.020091] pci 0000:00:01.1: legacy IDE quirk: reg 0x10: [io  0x01f0-0x01f7]
[    6.029565] pci 0000:00:01.1: legacy IDE quirk: reg 0x14: [io  0x03f6]
[    6.038213] pci 0000:00:01.1: legacy IDE quirk: reg 0x18: [io  0x0170-0x0177]
[    6.045139] pci 0000:00:01.1: legacy IDE quirk: reg 0x1c: [io  0x0376]
[    6.127029] pci 0000:00:07.0: quirk: [io  0x4000-0x403f] claimed by PIIX4 ACPI
[    6.138991] pci 0000:00:07.0: quirk: [io  0x4100-0x410f] claimed by PIIX4 SMB
[    6.171976] ACPI: PCI Interrupt Link [LNKA] (IRQs 5 9 10 *11)
[    6.184673] ACPI: PCI Interrupt Link [LNKB] (IRQs 5 9 *10 11)
[    6.192827] ACPI: PCI Interrupt Link [LNKC] (IRQs 5 *9 10 11)
[    6.201751] ACPI: PCI Interrupt Link [LNKD] (IRQs 5 9 10 *11)
[    6.242114] ACPI: Enabled 2 GPEs in block 00 to 07
[    6.261801] vgaarb: setting as boot device: PCI:0000:00:02.0
[    6.267529] vgaarb: device added: PCI:0000:00:02.0,decodes=io+mem,owns=io+mem,locks=none
[    6.285137] vgaarb: loaded
[    6.404817] vgaarb: bridge control possible 0000:00:02.0
[    6.419172] SCSI subsystem initialized
[    6.424511] ACPI: bus type USB registered
[    6.434232] usbcore: registered new interface driver usbfs
[    6.446134] usbcore: registered new interface driver hub
[    6.456711] usbcore: registered new device driver usb
[    6.461342] PCI: Using ACPI for IRQ routing
[    6.487306] NetLabel: Initializing
[    6.498224] NetLabel:  domain hash size = 128
[    6.509670] NetLabel:  protocols = UNLABELED CIPSOv4
[    6.517431] NetLabel:  unlabeled traffic allowed by default
[    6.628119] amd_nb: Cannot enumerate AMD northbridges
[    6.769665] clocksource: Switched to clocksource kvm-clock
[    6.808] pAmo AArmorFilesystem Enabled
[    7.5580007] pnp: PnP ACPI init
[    7.624775] pnp: PnP ACPI: found 3 devices
[    7.639807] PnPBIOS: Disabled by ACPI PNP
[    7.709387] clocksource: acpi_pm: mask: 0xffffff max_cycles: 0xffffff, max_idle_ns: 2085701024 ns
[    7.736118] NET: Registered protocol family 2
[    7.751668] TCP established hash table entries: 8192 (order: 3, 32768 bytes)
[   7.774321] TCP bind hash table entries: 8192 (order: 4, 65536 bytes)
[  7.835913] TCP: Hash tables configured (established 8192 bind 8192)
[    7.971012] UDP hash table entries: 512 orde 2, 384 bytes)
[    8.362387] UDP-Lite hash table entries: 512 (order: 2, 16384 bytes)
[    8.370600] NET: Registered protocol family 1
[    8.375297] pci 0000:00:00.0: Limiting direct PCI/PCI transfers
[    8.384820] pci 0000:00:01.0: Activating ISA DMA hang workarounds
[    8.392760] Unpacking initramfs...

[ 128295Freeing initrd memory: 10856K
[   12.349423] platform rtc_cmos: registered platform RTC device (no PNP device found)
[   12.359425] Scanning for low memory corruption every 60 seconds
[   12.466391] audit: initializing netlik bsys (disabled)
[   12.612597] audit: type=2000 audit(1524622780.334:1): initialized
[   12.618758] Iitli stetrusted keyring

[   12.976050] HugeTLB registered 2 MB page si, pre-allcad pas  3.69027] zbud: loaded
[   13.606995] VFS: Disk quotas dquot_6.6.0
[   13.681529] VFS: Dquot-cache hash table entries: 1024 (order 0, 4096 bytes)
[   13.690689] squashfs: version 4.0 (2009/01/31) Phillip Lougher
[   13.701478] fuse init (API version 7.23)
[   13.706704] Key type big_key registered
[   13.711649] Allocating IMA MOK and blacklist keyrings.
[   13.769480] Key type asymmetric registered
[   13.794475] Asymmetric key parser 'x509' registered
[   13.804236] bounce: pool size: 64 pages
[   13.809468] Block layer SCSI generic (bsg) driver version 0.4 loaded (major 249)
[   13.817764] io scheduler noop registered
[   13.820266] io scheduler deadline registered (default)
[   13.827050] io scheduler cfq registered
[   13.848663] pci_hotplug: PCI Hot Plug PCI Core version: 0.5
[   13.870923] pciehp: PCI Express Hot Plug Controller Driver version: 0.4
[   13.885390] ACPI: AC Adapter [AC] (on-line)
[   13.922806] input: Power Button as /devices/LNXSYSTM:00/LNXPWRBN:00/input/input0
[   13.980966] ACPI: Power Button [PWRF]
[   14.059789] input: Sleep Button as /devices/LNXSYSTM:00/LNXSLPBN:00/input/input1
[   14.074219] ACPI: Sleep Button [SLPF]
[   14.082440] GHES: HEST is not enabled!
[   14.095968] Serial: 8250/16550 driver, 32 ports, IRQ sharing enabled
[   14.096110] isapnp: Scanning for PnP cards...
[   14.177945] 00:02: ttyS0 at I/O 0x3f8 (irq = 4, base_baud = 115200) is a 16550A
[   14.314139] Linux agpgart interface v0.103
[   14.334784] loop: module loaded
[   14.339567] scsi host0: ata_piix
[   14.352501] scsi host1: ata_piix
[   14.356468] ata1: PATA max UDMA/33 cmd 0x1f0 ctl 0x3f6 bmdma 0xd000 irq 14
[   14.371309] ata2: PATA max UDMA/33 cmd 0x170 ctl 0x376 bmdma 0xd008 irq 15
[   14.377565] libphy: Fixed MDIO Bus: probed
[   14.392304] tun: Universal TUN/TAP device driver, 1.6
[   14.425306] tun: (C) 1999-2004 Max Krasnyansky <maxk@qualcomm.com>
[   14.476640] PPP generic driver version 2.4.2
[   14.535956] isapnp: No Plug & Play device found
[   14.561963] ehci_hcd: USB 2.0 'Enhanced' Host Controller (EHCI) Driver
[   14.565335] ehci-pci: EHCI PCI platform driver
[   14.572983] ehci-platform: EHCI generic platform driver
[   14.586111] ohci_hcd: USB 1.1 'Open' Host Controller (OHCI) Driver
[   14.594114] ohci-pci: OHCI PCI platform driver
[   14.598368] ohci-platform: OHCI generic platform driver
[   14.607775] uhci_hcd: USB Universal Host Controller Interface driver
[   14.613677] tsc: Refined TSC clocksource calibration: 3056.617 MHz
[   14.613680] clocksource: tsc: mask: 0xffffffffffffffff max_cycles: 0x2c0f30f7e20, max_idle_ns: 440795216758 ns
[   14.686643] i8042: PNP: PS/2 Controller [PNP0303:PS2K,PNP0f03:PS2M] at 0x60,0x64 irq 1,12
[   14.700011] serio: i8042 KBD port at 0x60,0x64 irq 1
[   14.704302] serio: i8042 AUX port at 0x60,0x64 irq 12
[   14.716095] mousedev: PS/2 mouse device common for all mice
[   14.731465] input: AT Translated Set 2 keyboard as /devices/platform/i8042/serio0/input/input2
[   1.746970] rtc_cmos rtc_cmos: rtc core: registered rtc_cmos as rtc0
[   14.800055] rtc_cmos rtc_cmos: alarms up to one day, 114 bytes nvram
[ 14.806665] i2c /dev entries driver
[   14.993397] device-mappe uent: version 1.0.3

[   15.476829] device-mapper: ioctl: 4.34.0-ioctl (2015-10-28) initialised: dm-devel@redhat.com
[   15.522037] platform eisa.0: Probing EISA bus 0
[   15.538280] platform eisa.0: EISA: Cannot allocate resource for mainboard
[   15.563770] platform eisa.0: Cannot allocate resource for EISA slot 1
[   15.718385] platform eisa.0: Cannot allocate resource for EISA slot 2
[   15.741152] platform eisa.0: Cannot allocate resource for EISA slot 3
[   15.747100] platform eisa.0: Cannot allocate resource for EISA slot 4
[   15.757546] platform eisa.0: Cannot allocate resource for EISA slot 5
[   15.767078] platform eisa.0: Cannot allocate resource for EISA slot 6
[   15.776608] platform eisa.0: Cannot allocate resource for EISA slot 7
[   15.790346] platform eisa.0: Cannot allocate resource for EISA slot 8
[   15.809191] platform eisa.0: EISA: Detected 0 cards
[   15.846155] cpufreq-nforce2: No nForce2 chipset.
[   15.977547] ledtrig-cpu: registered to indicate activity on CPUs
[   16.313965] NET: Registered protocol family 10
[   16.340409] NET: Registered protocol family 17
[   16.352718] Key type dns_resolver registered
[   16.373966] Using IPI No-Shortcut mode
[   16.410851] registered taskstats version 1
[   16.430424] Loading compiled-n X.509 certificates
[   16.586558] Loaded X.509 cert 'Build time autogenerated kernel key: cd25daf5f2c6791a52e12acbf66969414c24a779'
[   16.613867] zswap: loaded using pool lzo/zbud
[   16.650668] Key type trusted registered
[   16.690545] Key type encrypted registered
[   16.732247] AppArmor: AppArmor sha1 policy hashing enabled
[   16.796406] ima: No TPM chip found, activating TPM-bypass!
[   16.819459] evm: HMAC attrs: 0x1
[   16.823812]   Magic number: 14:346:309
[   16.825695] tty tty38: hash matches
[   16.833066] rtc_cmos rtc_cmos: setting system clock to 2018-04-25 02:19:42 UTC (1524622782)
[   16.851640] BIOS EDD facility v0.16 2004-Jun-25, 0 devices found
[   16.856527] EDD information not available.
[   16.867227] Freeing unused kernel memory: 948K
[   16.887094] Write protecting the kernel text: 8016k
[   16.892008] Write protecting the kernel read-only data: 3176k
[   16.903042] NX-protecting the kernel data: 6320k
Loading, please wait...
starting version 229
[   17.363380] random: systemd-udevd: uninitialized urandom read (16 bytes read, 3 bits of entropy available)
[   17.372509] random: udevadm: uninitialized urandom read (16 bytes read, 3 bits of entropy available)
[   17.416084] random: systemd-udevd: uninitialized urandom read (16 bytes read, 3 bits of entropy available)
[   17.469644] random: systemd-udevd: uninitialized urandom read (16 bytes read, 3 bits of entropy available)
[   17.635561] random: udevadm: uninitialized urandom read (16 bytes read, 3 bits of entropy available)
[   17.680413] random: udevadm: uninitialized urandom read (16 bytes read, 3 bits of entropy available)
[   17.776186] random: udevadm: uninitialized urandom read (16 bytes read, 3 bits of entropy available)
[   17.940937] random: udevadm: uninitialized urandom read (16 bytes read, 3 bits of entropy available)
[   18.084690] random: udevadm: uninitialized urandom read (16 bytes read, 3 bits of entropy available)
[   18.114005] random: udevadm: uninitialized urandom read (16 bytes read, 3 bits of entropy available)
[   18.866570] e1000: Intel(R) PRO/1000 Network Driver - version 7.3.21-k8-NAPI
[   18.940097] e1000: Copyright (c) 1999-2006 Intel Corporation.
[   19.128832] Fusion MPT base driver 3.04.20
[   19.137381] Copyright (c) 1999-2008 LSI Corporation
[   19.220061] input: ImExPS/2 Generic Explorer Mouse as /devices/platform/i8042/serio1/input/input4
[   19.455931] Fusion MPT SPI Host driver 3.04.20
[   19.856474] e1000 0000:00:03.0 eth0: (PCI:33MHz:32-bit) 02:98:c8:01:29:75
[   19.864777] e1000 0000:00:03.0 eth0: Intel(R) PRO/1000 Network Connection
[   19.875752] e1000 0000:00:03.0 enp0s3: renamed from eth0
[   19.895825] mptbase: ioc0: Initiating bringup
[   19.970363] ioc0: LSI53C1030 A0: Capabilities={Initiator}
[   20.157165] scsi host2: ioc0: LSI53C1030 A0, FwRev=00000000h, Ports=1, MaxQ=256, IRQ=20
[   20.420292] scsi 2:0:0:0: Direct-Access     VBOX     HARDDISK         1.0  PQ: 0 ANSI: 5
[   20.473225] scsi target2:0:0: Beginning Domain Validation
[   20.484235] scsi target2:0:0: Domain Validation skipping write tests
[   20.606467] scsi target2:0:0: Ending Domain Validation
[   20.613270] scsi target2:0:0: asynchronous
[   20.628099] scsi 2:0:1:0: Direct-Access     VBOX     HARDDISK         1.0  PQ: 0 ANSI: 5
[   20.843357] scsi target2:0:1: Beginning Domain Validation
[   21.165710] scsi target2:0:1: Domain Validation skipping write tests
[   21.170383] scsi target2:0:1: Ending Domain Validation
[   21.606230] scsi target2:0:1: asynchronous
[   21.658410] sd 2:0:0:0: Attached scsi generic sg0 type 0
[   21.658421] sd 2:0:0:0: [sda] 20971520 512-byte logical blocks: (10.7 GB/10.0 GiB)
[   21.658772] sd 2:0:0:0: [sda] Write Protect is off
[   21.658966] sd 2:0:0:0: [sda] Incomplete mode parameter data
[   21.658968] sd 2:0:0:0: [sda] Assuming drive cache: write through
[   21.665572]  sda: sda1
[   21.666658] sd 2:0:0:0: [sda] Attached SCSI disk
[   21.716757] sd 2:0:1:0: Attached scsi generic sg1 type 0
[   21.775305] sd 2:0:1:0: [sdb] 20480 512-byte logical blocks: (10.5 MB/10.0 MiB)
[   21.850503] sd 2:0:1:0: [sdb] Write Protect is off
[   21.856715] sd 2:0:1:0: [sdb] Incomplete mode parameter data
[   21.867729] sd 2:0:1:0: [sdb] Assuming drive cache: write through
[   21.882760] sd 2:0:1:0: [sdb] Attached SCSI disk
[   22.306190] floppy0: no floppy controllers found
Begin: Loading e[   27.712442] md: linear personality registered for level -1
ssential drivers ... [   27.875760] md: multipath personality registered for level -4
[   28.089213] md: raid0 personality registered for level 0
[   28.202022] md: raid1 personality registered for level 1
[   28.397685] raid6: mmxx1    gen()  3623 MB/s
[   28.469848] raid6: mmxx2    gen()  4094 MB/s
[   28.541937] raid6: sse1x1   gen()  2385 MB/s
[   28.621861] raid6: sse1x2   gen()  3029 MB/s
[   28.697682] raid6: sse2x1   gen()  4103 MB/s
[   28.769864] raid6: sse2x1   xor()  4217 MB/s
[   28.841955] raid6: sse2x2   gen()  4840 MB/s
[   28.917848] raid6: sse2x2   xor()  5839 MB/s
[   28.925328] raid6: using algorithm sse2x2 gen() 4840 MB/s
[   28.932343] raid6: .... xor() 5839 MB/s, rmw enabled
[   28.936834] raid6: using ssse3x1 recovery algorithm
[   28.967211] xor: measuring software checksum speed
[   29.049962]    pIII_sse  : 13002.000 MB/sec
[   29.097994]    prefetch64-sse: 13016.000 MB/sec
[   29.113004] xor: using function: prefetch64-sse (13016.000 MB/sec)
[   29.133760] async_tx: api initialized (async)
[   29.442977] md: raid6 personality registered for level 6
[   29.460130] md: raid5 personality registered for level 5
[   29.509659] md: raid4 personality registered for level 4
[   29.626628] md: raid10 personality registered for level 10
done.
Begin: Running /scripts/init-premount ... done.
Begin: Mounting root file system ... Begin: Running /scripts/local-top ... done.
Begin: Running /scripts/local-premount ... [   29.925820] Btrfs loaded
Scanning for Btrfs filesystems
done.
Warning: fsck not present, so skipping root file system
[   30.538150] EXT4-fs (sda1): mounted filesystem with ordered data mode. Opts: (null)
done.
Begin: Running /scripts/local-bottom ... done.
Begin: Running /scripts/init-bottom ... done.
[   31.089359] systemd[1]: systemd 229 running in system mode. (+PAM +AUDIT +SELINUX +IMA +APPARMOR +SMACK +SYSVINIT +UTMP +LIBCRYPTSETUP +GCRYPT +GNUTLS +ACL +XZ -LZ4 +SECCOMP +BLKID +ELFUTILS +KMOD -IDN)
[   31.140305] systemd[1]: Detected virtualization oracle.
[   31.184920] systemd[1]: Detected architecture x86.

Welcome to [1mUbuntu 16.04.4 LTS[0m!

[   31.225232] systemd[1]: Set hostname to <ubuntu-xenial>.
[   31.464655] random: nonblocking pool is initialized
[   32.982062] systemd[1]: Reached target Encrypted Volumes.
[[0;32m  OK  [0m] Reached target Encrypted Volumes.
[   33.036666] systemd[1]: Listening on LVM2 poll daemon socket.
[[0;32m  OK  [0m] Listening on LVM2 poll daemon socket.
[   33.070174] systemd[1]: Listening on Journal Audit Socket.
[[0;32m  OK  [0m] Listening on Journal Audit Socket.
[   33.099154] systemd[1]: Set up automount Arbitrary Executable File Formats File System Automount Point.
[[0;32m  OK  [0m] Set up automount Arbitrary Executab...ats File System Automount Point.
[   33.134095] systemd[1]: Reached target User and Group Name Lookups.
[[0;32m  OK  [0m] Reached target User and Group Name Lookups.
[   33.166752] systemd[1]: Listening on LVM2 metadata daemon socket.
[[0;32m  OK  [0m] Listening on LVM2 metadata daemon socket.
[   33.198414] systemd[1]: Started Trigger resolvconf update for networkd DNS.
[[0;32m  OK  [0m] Started Trigger resolvconf update for networkd DNS.
[   33.236300] systemd[1]: Started Forward Password Requests to Wall Directory Watch.
[[0;32m  OK  [0m] Started Forward Password Requests to Wall Directory Watch.
[   33.282862] systemd[1]: Created slice System Slice.
[[0;32m  OK  [0m] Created slice System Slice.
[   33.298044] systemd[1]: Created slice system-serial\x2dgetty.slice.
[[0;32m  OK  [0m] Created slice system-serial\x2dgetty.slice.
[   33.336299] systemd[1]: Listening on Journal Socket.
[[0;32m  OK  [0m] Listening on Journal Socket.
[   33.426258] systemd[1]: Starting Create list of required static device nodes for the current kernel...
         Starting Create list of required st... nodes for the current kernel...
[   33.907792] systemd[1]: Starting Set console keymap...
         Starting Set console keymap...
[   34.051626] systemd[1]: Starting Uncomplicated firewall...
         Starting Uncomplicated firewall...
[   34.247897] systemd[1]: Starting Load Kernel Modules...
         Starting Load Kernel Modules...
[   34.348838] Loading iSCSI transport class v2.0-870.
[   34.374498] systemd[1]: Mounting Debug File System...
         Mounting Debug File System...
[   34.629252] systemd[1]: Mounting POSIX Message Queue File System...
         Mounting POSIX Message Queue File System...
[   34.763111] iscsi: registered transport (tcp)
[   34.824940] systemd[1]: Starting Remount Root and Kernel File Systems...
         Starting Remount Root and Kernel File Systems...
[   34.926277] systemd[1]: Reached target Swap.
[[0;32m  OK  [0m] Reached target Swap.
[   34.963220] systemd[1]: Listening on Journal Socket (/dev/log).
[[0;32m  OK  [0m] Listening on Journal Socket (/dev/log).
[   35.009386] systemd[1]: Listening on /dev/initctl Compatibility Named Pipe.
[   35.015833] EXT4-fs (sda1): re-mounted. Opts: (null)
[[0;32m  OK  [0m] Listening on /dev/initctl Compatibility Named Pipe.
[   35.261481] iscsi: registered transport (iser)
[   35.277193] systemd[1]: Reached target System Time Synchronized.
[[0;32m  OK  [0m] Reached target System Time Synchronized.
[   35.370386] systemd[1]: Starting Nameserver information manager...
         Starting Nameserver information manager...
[   35.534258] systemd[1]: Created slice User and Session Slice.
[[0;32m  OK  [0m] Created slice User and Session Slice.
[   35.619598] systemd[1]: Reached target Slices.
[[0;32m  OK  [0m] Reached target Slices.
[   35.634946] systemd[1]: Listening on udev Kernel Socket.
[[0;32m  OK  [0m] Listening on udev Kernel Socket.
[   35.657724] systemd[1]: Listening on Syslog Socket.
[[0;32m  OK  [0m] Listening on Syslog Socket.
[   35.746593] systemd[1]: Starting Journal Service...
         Starting Journal Service...
[   35.820172] systemd[1]: Listening on Device-mapper event daemon FIFOs.
[[0;32m  OK  [0m] Listening on Device-mapper event daemon FIFOs.
[   35.908241] systemd[1]: Starting Monitoring of LVM2 mirrors, snapshots etc. using dmeventd or progress polling...
         Starting Monitoring of LVM2 mirrors... dmeventd or progress polling...
[   35.980067] systemd[1]: Listening on udev Control Socket.
[[0;32m  OK  [0m] Listening on udev Control Socket.
[   36.061417] systemd[1]: Mounting Huge Pages File System...
         Mounting Huge Pages File System...
[   36.095528] systemd[1]: Mounted Huge Pages File System.
[[0;32m  OK  [0m] Mounted Huge Pages File System.
[   36.131432] systemd[1]: Mounted Debug File System.
[[0;32m  OK  [0m] Mounted Debug File System.
[   36.162808] systemd[1]: Mounted POSIX Message Queue File System.
[[0;32m  OK  [0m] Mounted POSIX Message Queue File System.
[   36.307884] systemd[1]: Started Journal Service.
[[0;32m  OK  [0m] Started Journal Service.
[[0;32m  OK  [0m] Started Create list of required sta...ce nodes for the current kernel.
[[0;32m  OK  [0m] Started Set console keymap.
[[0;32m  OK  [0m] Started Uncomplicated firewall.
[[0;32m  OK  [0m] Started Load Kernel Modules.
[[0;32m  OK  [0m] Started Remount Root and Kernel File Systems.
[[0;32m  OK  [0m] Started Nameserver information manager.
[[0;32m  OK  [0m] Started LVM2 metadata daemon.
         Starting Load/Save Random Seed...
         Starting udev Coldplug all Devices...
         Starting Initial cloud-init job (pre-networking)...
         Starting Apply Kernel Variables...
         Mounting FUSE Control File System...
         Starting Create Static Device Nodes in /dev...
         Starting Flush Journal to Persistent Storage...
[[0;32m  OK  [0m] Mounted FUSE Control File System.
[[0;32m  OK  [0m] Started Load/Save Random Seed.
[[0;32m  OK  [0m] Started Monitoring of LVM2 mirrors,...ng dmeventd or progress polling.
[[0;32m  OK  [0m] Started Apply Kernel Variables.
[[0;32m  OK  [0m] Started Create Static Device Nodes in /dev.
[[0;32m  OK  [0m] Started udev Coldplug all Devices.
[[0;32m  OK  [0m] Started Flush Journal to Persistent Storage.
         Starting udev Kernel Device Manager...
[[0;32m  OK  [0m] Started udev Kernel Device Manager.
[[0;32m  OK  [0m] Started Dispatch Password Requests to Console Directory Watch.
[[0;32m  OK  [0m] Reached target Local File Systems (Pre).
[[0;32m  OK  [0m] Reached target Local File Systems.
         Starting Create Volatile Files and Directories...
         Starting Tell Plymouth To Write Out Runtime Data...
         Starting LSB: AppArmor initialization...
         Starting Set console font and keymap...
[[0;32m  OK  [0m] Started Tell Plymouth To Write Out Runtime Data.
[[0;32m  OK  [0m] Started Create Volatile Files and Directories.
         Starting Update UTMP about System Boot/Shutdown...
[[0;32m  OK  [0m] Started Update UTMP about System Boot/Shutdown.
[[0;32m  OK  [0m] Found device /dev/ttyS0.
[[0;32m  OK  [0m] Started Set console font and keymap.
[[0;32m  OK  [0m] Started LSB: AppArmor initialization.
[[0;32m  OK  [0m] Created slice system-getty.slice.
[[0;32m  OK  [0m] Listening on Load/Save RF Kill Switch Status /dev/rfkill Watch.
[   51.545476] cloud-init[440]: Cloud-init v. 18.2 running 'init-local' at Wed, 25 Apr 2018 02:20:13 +0000. Up 41.71 seconds.
[[0;32m  OK  [0m] Started Initial cloud-init job (pre-networking).
[[0;32m  OK  [0m] Reached target Network (Pre).
         Starting Raise network interfaces...
[[0;32m  OK  [0m] Started ifup for enp0s3.
[[0;32m  OK  [0m] Found device 82540EM Gigabit Ethern...r (PRO/1000 MT Desktop Adapter).
[    [0;31m*[0;1;31m*[0m] A start job is running for Raise network interfaces (31s / 5min 27s)[K[     [0;31m*[0m] A start job is running for Raise network interfaces (32s / 5min 27s)[K[    [0;31m*[0;1;31m*[0m] A start job is running for Raise network interfaces (32s / 5min 27s)[K[[0;32m  OK  [0m] Started Raise network interfaces.
         Starting Initial cloud-init job (metadata service crawler)...
[[0;32m  OK  [0m] Reached target Network.
[   64.654397] cloud-init[985]: Cloud-init v. 18.2 running 'init' at Wed, 25 Apr 2018 02:20:33 +0000. Up 61.85 seconds.
[   64.774764] cloud-init[985]: ci-info: +++++++++++++++++++++++++++++++++++++Net device info++++++++++++++++++++++++++++++++++++++
[   64.862147] cloud-init[985]: ci-info: +--------+------+----------------------------+---------------+-------+-------------------+
[   64.895438] cloud-init[985]: ci-info: | Device |  Up  |          Address           |      Mask     | Scope |     Hw-Address    |
[   64.940962] cloud-init[985]: ci-info: +--------+------+----------------------------+---------------+-------+-------------------+
[[0;32m  OK  [0m] Started Initial cloud-init job (metadata service crawler).
[   64.942963] cloud-init[985]: ci-info: | enp0s3 | True |         10.0.2.15          | 255.255.255.0 |   .   | 02:98:c8:01:29:75 |
[[0;32m  OK  [0m] Reached target Network is Online.
[   65.037199] cloud-init[985]: ci-info: | enp0s3 | True | fe80::98:c8ff:fe01:2975/64 |       .       |  link | 02:98:c8:01:29:75 |
[   65.133351]          cloud-initStarting iSCSI initiator daemon (iscsid)...[985]: 
ci-info: |   lo   | True |         127.0.0.1          |   255.0.0.0   |   .   |         .         |
[   65.357437] cloud-init[985]: ci-info: |   lo   | True |          ::1/128           |       .       |  host |         .         |
[   65.499420] cloud-init[985]: ci-info: +--------+------+----------------------------+---------------+-------+-------------------+
[   65.499797] cloud-init[985]: ci-info: +++++++++++++++++++++++++++Route IPv4 info++++++++++++++++++++++++++++
[   65.500165] cloud-init[985]: ci-info: +-------+-------------+----------+---------------+-----------+-------+
[   65.500472] cloud-init[985]: ci-info: | Route | Destination | Gateway  |    Genmask    | Interface | Flags |
[   65.500630] cloud-init[985]: ci-info: +-------+-------------+----------+---------------+-----------+-------+
[   65.500920] cloud-init[985]: ci-info: |   0   |   0.0.0.0   | 10.0.2.2 |    0.0.0.0    |   enp0s3  |   UG  |
[   65.501064] cloud-init[985]: ci-info: |   1   |   10.0.2.0  | 0.0.0.0  | 255.255.255.0 |   enp0s3  |   U   |
[   65.501311] cloud-init[985]: ci-info: +-------+-------------+----------+---------------+-----------+-------+
[[0;32m  OK  [0m] Reached target Cloud-config availability.
[[0;32m  OK  [0m] Reached target System Initialization.
[[0;32m  OK  [0m] Listening on UUID daemon activation socket.
[[0;32m  OK  [0m] Started Daily Cleanup of Temporary Directories.
[[0;32m  OK  [0m] Started Daily apt download activities.
[[0;32m  OK  [0m] Started Daily apt upgrade and clean activities.
[[0;32m  OK  [0m] Reached target Timers.
         Starting Socket activation for snappy daemon.
         Starting LXD - unix socket.
[[0;32m  OK  [0m] Started ACPI Events Check.
[[0;32m  OK  [0m] Reached target Paths.
[[0;32m  OK  [0m] Listening on D-Bus System Message Bus Socket.
[[0;32m  OK  [0m] Listening on ACPID Listen Socket.
[[0;32m  OK  [0m] Listening on Socket activation for snappy daemon.
[[0;32m  OK  [0m] Listening on LXD - unix socket.
[[0;32m  OK  [0m] Started iSCSI initiator daemon (iscsid).
         Starting Login to default iSCSI targets...
[[0;32m  OK  [0m] Reached target Sockets.
[[0;32m  OK  [0m] Reached target Basic System.
[[0;32m  OK  [0m] Started FUSE filesystem for LXC.
[[0;32m  OK  [0m] Started ACPI event daemon.
         Starting Accounts Service...
[[0;32m  OK  [0m] Started Deferred execution scheduler.
[[0;32m  OK  [0m] Started Unattended Upgrades Shutdown.
[[0;32m  OK  [0m] Started D-Bus System Message Bus.
[[0;32m  OK  [0m] Started Regular background program processing daemon.
         Starting Apply the settings specified in cloud-config...
         Starting System Logging Service...
         Starting LSB: Record successful boot for GRUB...
         Starting LSB: MD monitoring daemon...
         Starting vboxadd.service...
         Starting Snappy daemon...
         Starting OpenBSD Secure Shell server...
         Starting MySQL Community Server...
         Starting LXD - container startup/shutdown...
         Starting /etc/rc.local Compatibility...
         Starting Login Service...
[[0;32m  OK  [0m] Started System Logging Service.
[[0;32m  OK  [0m] Started /etc/rc.local Compatibility.
         Starting Authenticate and Authorize Users to Run Privileged Tasks...
[[0;32m  OK  [0m] Started Login Service.
[[0;32m  OK  [0m] Started OpenBSD Secure Shell server.
[[0;32m  OK  [0m] Started Snappy daemon.
[[0;32m  OK  [0m] Started Login to default iSCSI targets.
[[0;32m  OK  [0m] Reached target Remote File Systems (Pre).
[[0;32m  OK  [0m] Reached target Remote File Systems.
         Starting LSB: Set the CPU Frequency Scaling governor to "ondemand"...
         Starting LSB: automatic crash report generation...
         Starting LSB: daemon to balance interrupts for SMP systems...
         Starting Permit User Sessions...
[[0;32m  OK  [0m] Started LSB: Record successful boot for GRUB.
[[0;32m  OK  [0m] Started Permit User Sessions.
[[0;32m  OK  [0m] Started Authenticate and Authorize Users to Run Privileged Tasks.
[[0;32m  OK  [0m] Started Accounts Service.
[[0;32m  OK  [0m] Started LSB: MD monitoring daemon.
[[0;32m  OK  [0m] Created slice User Slice of vagrant.
[[0;32m  OK  [0m] Started Session 1 of user vagrant.
         Starting User Manager for UID 1000...
         Starting Terminate Plymouth Boot Screen...
         Starting Hold until boot process finishes up...
[[0;32m  OK  [0m] Started Hold until boot process finishes up.
[[0;32m  OK  [0m] Started LSB: Set the CPU Frequency Scaling governor to "ondemand".
[[0;32m  OK  [0m] Started User Manager for UID 1000.
[[0;32m  OK  [0m] Started LXD - container startup/shutdown.
[[0;32m  OK  [0m] Started Getty on tty1.
         Starting Set console scheme...
[[0;32m  OK  [0m] Started Serial Getty on ttyS0.
[[0;32m  OK  [0m] Reached target Login Prompts.
[[0;32m  OK  [0m] Started Terminate Plymouth Boot Screen.
[[0;32m  OK  [0m] Started Set console scheme.
[[0;32m  OK  [0m] Started LSB: daemon to balance interrupts for SMP systems.
[[0;32m  OK  [0m] Started LSB: automatic crash report generation.
[[0;32m  OK  [0m] Started vboxadd.service.
         Starting vboxadd-service.service...

Ubuntu 16.04.4 LTS ubuntu-xenial ttyS0

ubuntu-xenial login: [   84.911751] cloud-init[1073]: Cloud-init v. 18.2 running 'modules:config' at Wed, 25 Apr 2018 02:20:50 +0000. Up 79.27 seconds.
[  101.367632] cloud-init[1481]: Cloud-init v. 18.2 running 'modules:final' at Wed, 25 Apr 2018 02:21:11 +0000. Up 100.30 seconds.
[  101.369681] cloud-init[1481]: Cloud-init v. 18.2 finished at Wed, 25 Apr 2018 02:21:12 +0000. Datasource DataSourceNoCloud [seed=/dev/sdb][dsmode=net].  Up 101.34 seconds
